八月 11, 2020 10:50:14 上午 io.github.yedaxia.apidocs.LogUtils info
信息: info: find java src paths:  [D:\workspace\test\src\main\java\]
八月 11, 2020 10:50:14 上午 io.github.yedaxia.apidocs.LogUtils info
信息: info: project type not set, try to figure out...
八月 11, 2020 10:50:14 上午 io.github.yedaxia.apidocs.LogUtils info
信息: info: start find controllers in path : D:\workspace\test\src\main\java\
八月 11, 2020 10:50:14 上午 io.github.yedaxia.apidocs.LogUtils info
信息: info: find controller file : TestController.java
八月 11, 2020 10:50:14 上午 io.github.yedaxia.apidocs.LogUtils info
信息: info: start to parse controller file : TestController.java
八月 11, 2020 10:50:14 上午 io.github.yedaxia.apidocs.LogUtils info
信息: info: success to parse controller file : TestController.java
八月 11, 2020 10:50:14 上午 io.github.yedaxia.apidocs.LogUtils info
信息: info: generate api docs start...
八月 11, 2020 10:50:14 上午 io.github.yedaxia.apidocs.LogUtils info
信息: info: start to generate docs for controller file : D:\workspace\test\src\main\java\com\example\test\controller\TestController.java
八月 11, 2020 10:50:15 上午 io.github.yedaxia.apidocs.LogUtils info
信息: info: success to generate docs for controller file : D:\workspace\test\src\main\java\com\example\test\controller\TestController.java
八月 11, 2020 10:50:15 上午 io.github.yedaxia.apidocs.LogUtils info
信息: info: generate index start !!!
八月 11, 2020 10:50:15 上午 io.github.yedaxia.apidocs.LogUtils info
信息: info: generate index done !!!
八月 11, 2020 10:50:15 上午 io.github.yedaxia.apidocs.LogUtils info
信息: info: generate api docs done !!!
